<?xml version="1.0" encoding="UTF-8"?>
<testsuite xmlns:xsi="http://www.w3.org/2001/XMLSchema-instance" xsi:noNamespaceSchemaLocation="https://maven.apache.org/surefire/maven-surefire-plugin/xsd/surefire-test-report-3.0.xsd" version="3.0" name="TestSuite" time="25.279" tests="2" errors="0" skipped="0" failures="0">
  <properties>
[...]
</properties>
  <testcase name="bookAReturnParcel" classname="bookAReturn" time="10.942">
    <system-out><![CDATA[Faulty (12)
the product was received faulty with breakage in the package
adidas Order ID: AAU12345678
ParcelPoint Tracking ID: PHHBBGL4
]]></system-out>
    <system-err><![CDATA[SLF4J: Failed to load class "org.slf4j.impl.StaticLoggerBinder".
SLF4J: Defaulting to no-operation (NOP) logger implementation
SLF4J: See http://www.slf4j.org/codes.html#StaticLoggerBinder for further details.
Starting ChromeDriver 102.0.5005.61 (0e59bcc00cc4985ce39ad31c150065f159d95ad3-refs/branch-heads/5005@{#819}) on port 53162
Only local connections are allowed.
Please see https://chromedriver.chromium.org/security-considerations for suggestions on keeping ChromeDriver safe.
ChromeDriver was started successfully.
June 26, 2022 1:15:48 PM org.openqa.selenium.remote.ProtocolHandshake createSession
INFO: Detected upstream dialect: W3C
June 26, 2022 1:15:48 PM org.openqa.selenium.devtools.CdpVersionFinder findNearestMatch
INFO: Found exact CDP implementation for version 102
Starting ChromeDriver 102.0.5005.61 (0e59bcc00cc4985ce39ad31c150065f159d95ad3-refs/branch-heads/5005@{#819}) on port 59651
Only local connections are allowed.
Please see https://chromedriver.chromium.org/security-considerations for suggestions on keeping ChromeDriver safe.
ChromeDriver was started successfully.
June 26, 2022 1:15:50 PM org.openqa.selenium.remote.ProtocolHandshake createSession
INFO: Detected upstream dialect: W3C
June 26, 2022 1:15:50 PM org.openqa.selenium.devtools.CdpVersionFinder findNearestMatch
INFO: Found exact CDP implementation for version 102
]]></system-err>
  </testcase>
  <testcase name="loginInout[gourab.saha@parcelpoint.com.au, fQaxa25SgTvJguF](1)" classname="HomePage" time="7.413">
    <system-out><![CDATA[PHHBBBJ7
PHHBBBJ7
PHHBBBJ7
PHHBBBJ7
PHHBBBJ7
PHHBBBJ7
PHHBBBJ7
PHHBBBJ7
PNLBBQL3
PNLBBQL3
PNLBBQL3
PNLBBQL3
PNLBBQL3
PNLBBQL3
PNLBBQL3
PNLBBQL3
PNLBBQG7
PNLBBQG7
PNLBBQG7
PNLBBQG7
PNLBBQG7
PNLBBQG7
PNLBBQG7
PNLBBQG7
PNLBBQD6
PNLBBQD6
PNLBBQD6
PNLBBQD6
PNLBBQD6
PNLBBQD6
PNLBBQD6
PNLBBQD6
]]></system-out>
    <system-err><![CDATA[Loading class `com.mysql.jdbc.Driver'. This is deprecated. The new driver class is `com.mysql.cj.jdbc.Driver'. The driver is automatically registered via the SPI and manual loading of the driver class is generally unnecessary.
]]></system-err>
  </testcase>
</testsuite>