<?xml version="1.0" encoding="UTF-8"?>
<!-- Generated by org.testng.reporters.JUnitXMLReporter -->
<testsuite ignored="0" hostname="ip-10-0-0-90.ap-southeast-2.compute.internal" failures="0" tests="2" name="/Users/sarojthapa/Documents/Intellij projects/RetoolFramework/src/test" time="24.563" errors="0" timestamp="2022-06-26T13:16:11 AEST">
  <testcase classname="bookAReturn" name="bookAReturnParcel" time="10.94"/>
  <testcase classname="HomePage" name="loginInout" time="7.411"/>
</testsuite> <!-- /Users/sarojthapa/Documents/Intellij projects/RetoolFramework/src/test -->
